<?xml version="1.0" encoding="UTF-8"?>
<testsuite name="is.ru.tictactoe.TicTacToeTest" tests="4" skipped="0" failures="0" errors="0" timestamp="2016-11-02T20:45:23" hostname="testing-worker-linux-docker-be4c6b27-3465-linux-7" time="0.029">
  <properties/>
  <testcase name="testxyTo1d" classname="is.ru.tictactoe.TicTacToeTest" time="0.004"/>
  <testcase name="testGetNumberOfGamesMany" classname="is.ru.tictactoe.TicTacToeTest" time="0.001"/>
  <testcase name="testGetNumberOfGamesZero" classname="is.ru.tictactoe.TicTacToeTest" time="0.001"/>
  <testcase name="testWelcome" classname="is.ru.tictactoe.TicTacToeTest" time="0.0"/>
  <system-out><![CDATA[]]></system-out>
  <system-err><![CDATA[]]></system-err>
</testsuite>
