<?xml version="1.0" encoding="UTF-8"?>
<testsuite name="is.ru.tictactoe.CellTest" tests="1" skipped="0" failures="0" errors="0" timestamp="2016-11-02T22:12:52" hostname="testing-worker-linux-docker-8f0a2c16-3426-linux-10" time="0.001">
  <properties/>
  <testcase name="testSign" classname="is.ru.tictactoe.CellTest" time="0.001"/>
  <system-out><![CDATA[]]></system-out>
  <system-err><![CDATA[]]></system-err>
</testsuite>
