<?xml version="1.0" encoding="UTF-8"?>
<testsuite name="is.ru.tictactoe.PointTest" tests="5" skipped="0" failures="0" errors="0" timestamp="2016-11-02T21:15:17" hostname="testing-worker-linux-docker-dcb49545-3436-linux-6" time="0.02">
  <properties/>
  <testcase name="testX" classname="is.ru.tictactoe.PointTest" time="0.005"/>
  <testcase name="testY" classname="is.ru.tictactoe.PointTest" time="0.001"/>
  <testcase name="testPointConstructor" classname="is.ru.tictactoe.PointTest" time="0.0"/>
  <testcase name="testPointSet" classname="is.ru.tictactoe.PointTest" time="0.001"/>
  <testcase name="testDefaultPointConstructor" classname="is.ru.tictactoe.PointTest" time="0.003"/>
  <system-out><![CDATA[]]></system-out>
  <system-err><![CDATA[]]></system-err>
</testsuite>
