<?xml version="1.0" encoding="UTF-8"?>
<testsuite name="is.ru.tictactoe.CellTest" tests="1" skipped="0" failures="0" errors="0" timestamp="2016-11-02T20:45:23" hostname="testing-worker-linux-docker-be4c6b27-3465-linux-7" time="0.008">
  <properties/>
  <testcase name="testSign" classname="is.ru.tictactoe.CellTest" time="0.008"/>
  <system-out><![CDATA[]]></system-out>
  <system-err><![CDATA[]]></system-err>
</testsuite>
