<?xml version="1.0" encoding="UTF-8"?>
<testsuite name="is.ru.tictactoe.ComputerPlayerTest" tests="1" skipped="0" failures="0" errors="0" timestamp="2016-11-03T08:56:35" hostname="testing-worker-linux-docker-5e97a3a6-3403-linux-3" time="0.0">
  <properties/>
  <testcase name="testGetSing" classname="is.ru.tictactoe.ComputerPlayerTest" time="0.0"/>
  <system-out><![CDATA[]]></system-out>
  <system-err><![CDATA[]]></system-err>
</testsuite>
