<?xml version="1.0" encoding="UTF-8"?>
<testsuite name="is.ru.tictactoe.ComputerPlayerTest" tests="1" skipped="0" failures="0" errors="0" timestamp="2016-11-01T02:01:43" hostname="testing-worker-linux-docker-07dff4ff-3464-linux-11" time="0.0">
  <properties/>
  <testcase name="testGetSing" classname="is.ru.tictactoe.ComputerPlayerTest" time="0.0"/>
  <system-out><![CDATA[]]></system-out>
  <system-err><![CDATA[]]></system-err>
</testsuite>
