<?xml version="1.0" encoding="UTF-8"?>
<testsuite name="is.ru.tictactoe.ComputerPlayerTest" tests="1" skipped="0" failures="0" errors="0" timestamp="2016-11-03T08:39:54" hostname="testing-worker-linux-docker-2e487cd6-3407-linux-3" time="0.001">
  <properties/>
  <testcase name="testGetSing" classname="is.ru.tictactoe.ComputerPlayerTest" time="0.001"/>
  <system-out><![CDATA[]]></system-out>
  <system-err><![CDATA[]]></system-err>
</testsuite>
