<?xml version="1.0" encoding="UTF-8"?>
<testsuite name="is.ru.tictactoe.TicTacToeTest" tests="1" skipped="0" failures="0" errors="0" timestamp="2016-10-23T20:44:43" hostname="Haukurs-MacBook-Pro.local" time="0.002">
  <properties/>
  <testcase name="testWelcome" classname="is.ru.tictactoe.TicTacToeTest" time="0.002"/>
  <system-out><![CDATA[]]></system-out>
  <system-err><![CDATA[]]></system-err>
</testsuite>
