<?xml version="1.0" encoding="UTF-8"?>
<testsuite name="is.ru.tictactoe.TicTacToeTest" tests="4" skipped="0" failures="0" errors="0" timestamp="2016-11-02T21:08:54" hostname="testing-worker-linux-docker-fa734702-3499-linux-16" time="0.009">
  <properties/>
  <testcase name="testxyTo1d" classname="is.ru.tictactoe.TicTacToeTest" time="0.002"/>
  <testcase name="testGetNumberOfGamesMany" classname="is.ru.tictactoe.TicTacToeTest" time="0.001"/>
  <testcase name="testGetNumberOfGamesZero" classname="is.ru.tictactoe.TicTacToeTest" time="0.003"/>
  <testcase name="testWelcome" classname="is.ru.tictactoe.TicTacToeTest" time="0.001"/>
  <system-out><![CDATA[]]></system-out>
  <system-err><![CDATA[]]></system-err>
</testsuite>
