<?xml version="1.0" encoding="UTF-8"?>
<testsuite name="is.ru.tictactoe.TicTacToeTest" tests="4" skipped="0" failures="0" errors="0" timestamp="2016-11-01T02:01:43" hostname="testing-worker-linux-docker-07dff4ff-3464-linux-11" time="0.006">
  <properties/>
  <testcase name="testxyTo1d" classname="is.ru.tictactoe.TicTacToeTest" time="0.005"/>
  <testcase name="testGetNumberOfGamesMany" classname="is.ru.tictactoe.TicTacToeTest" time="0.0"/>
  <testcase name="testGetNumberOfGamesZero" classname="is.ru.tictactoe.TicTacToeTest" time="0.0"/>
  <testcase name="testWelcome" classname="is.ru.tictactoe.TicTacToeTest" time="0.001"/>
  <system-out><![CDATA[]]></system-out>
  <system-err><![CDATA[]]></system-err>
</testsuite>
