<?xml version="1.0" encoding="UTF-8"?>
<testsuite name="is.ru.tictactoe.CellTest" tests="1" skipped="0" failures="0" errors="0" timestamp="2016-11-01T02:38:04" hostname="testing-worker-linux-docker-8991ba71-3451-linux-15" time="0.004">
  <properties/>
  <testcase name="testSign" classname="is.ru.tictactoe.CellTest" time="0.004"/>
  <system-out><![CDATA[]]></system-out>
  <system-err><![CDATA[]]></system-err>
</testsuite>
