<?xml version="1.0" encoding="UTF-8"?>
<testsuite name="is.ru.tictactoe.BoardTest" tests="15" skipped="0" failures="0" errors="0" timestamp="2016-10-31T16:12:01" hostname="Emils-MacBook-Pro.local" time="0.01">
  <properties/>
  <testcase name="testSize" classname="is.ru.tictactoe.BoardTest" time="0.004"/>
  <testcase name="testIfXIsWinnerDiagonallyTopRightToLeftBottom" classname="is.ru.tictactoe.BoardTest" time="0.002"/>
  <testcase name="testWhenCellIsUpdatedByO" classname="is.ru.tictactoe.BoardTest" time="0.0"/>
  <testcase name="testWhenCellIsUpdatedByX" classname="is.ru.tictactoe.BoardTest" time="0.0"/>
  <testcase name="testHasWinner" classname="is.ru.tictactoe.BoardTest" time="0.0"/>
  <testcase name="testIfOIsWinnerInCol2" classname="is.ru.tictactoe.BoardTest" time="0.0"/>
  <testcase name="testIfOIsWinnerInCol3" classname="is.ru.tictactoe.BoardTest" time="0.0"/>
  <testcase name="testIfOIsWinnerInRow2" classname="is.ru.tictactoe.BoardTest" time="0.0"/>
  <testcase name="testWhenCellInBoardIsAvailable" classname="is.ru.tictactoe.BoardTest" time="0.0"/>
  <testcase name="testIfItIsDraw" classname="is.ru.tictactoe.BoardTest" time="0.0"/>
  <testcase name="testIfXIsWinnerInCol1" classname="is.ru.tictactoe.BoardTest" time="0.0"/>
  <testcase name="testIfXIsWinnerInRow1" classname="is.ru.tictactoe.BoardTest" time="0.0"/>
  <testcase name="testIfXIsWinnerInRow3" classname="is.ru.tictactoe.BoardTest" time="0.0"/>
  <testcase name="testIfOIsWinnerDiagonallyTopLeftToRightBottom" classname="is.ru.tictactoe.BoardTest" time="0.001"/>
  <testcase name="testWhenThereIsNoDraw" classname="is.ru.tictactoe.BoardTest" time="0.0"/>
  <system-out><![CDATA[]]></system-out>
  <system-err><![CDATA[]]></system-err>
</testsuite>
