<?xml version="1.0" encoding="UTF-8"?>
<testsuite name="is.ru.tictactoe.PointTest" tests="5" skipped="0" failures="0" errors="0" timestamp="2016-10-31T16:12:01" hostname="Emils-MacBook-Pro.local" time="0.002">
  <properties/>
  <testcase name="testX" classname="is.ru.tictactoe.PointTest" time="0.001"/>
  <testcase name="testY" classname="is.ru.tictactoe.PointTest" time="0.0"/>
  <testcase name="testPointConstructor" classname="is.ru.tictactoe.PointTest" time="0.0"/>
  <testcase name="testPointSet" classname="is.ru.tictactoe.PointTest" time="0.0"/>
  <testcase name="testDefaultPointConstructor" classname="is.ru.tictactoe.PointTest" time="0.0"/>
  <system-out><![CDATA[]]></system-out>
  <system-err><![CDATA[]]></system-err>
</testsuite>
