<?xml version="1.0" encoding="UTF-8"?>
<testsuite name="is.ru.tictactoe.CellTest" tests="1" skipped="0" failures="0" errors="0" timestamp="2016-10-31T16:12:01" hostname="Emils-MacBook-Pro.local" time="0.002">
  <properties/>
  <testcase name="testSign" classname="is.ru.tictactoe.CellTest" time="0.002"/>
  <system-out><![CDATA[]]></system-out>
  <system-err><![CDATA[]]></system-err>
</testsuite>
