<?xml version="1.0" encoding="UTF-8"?>
<testsuite name="is.ru.tictactoe.TestTicTacToeWeb" tests="3" skipped="0" failures="0" errors="0" timestamp="2016-11-03T08:40:50" hostname="testing-worker-linux-docker-2e487cd6-3407-linux-3" time="13.361">
  <properties/>
  <testcase name="intitialMessageMatches" classname="is.ru.tictactoe.TestTicTacToeWeb" time="0.642"/>
  <testcase name="testRestart" classname="is.ru.tictactoe.TestTicTacToeWeb" time="9.385"/>
  <testcase name="testInputX" classname="is.ru.tictactoe.TestTicTacToeWeb" time="3.333"/>
  <system-out><![CDATA[]]></system-out>
  <system-err><![CDATA[]]></system-err>
</testsuite>
